\BOOKMARK [0][-]{chapter.1}{\376\377\000L\000i\000n\000e\000a\000r\000e\000\040\000A\000l\000g\000e\000b\000r\000a\000\040\0001}{}% 1
\BOOKMARK [1][-]{section.1.1}{\376\377\000B\000l\000a\000t\000t\000\040\0001}{chapter.1}% 2
\BOOKMARK [1][-]{section.1.2}{\376\377\000B\000l\000a\000t\000t\000\040\0002}{chapter.1}% 3
\BOOKMARK [1][-]{section.1.3}{\376\377\000B\000l\000a\000t\000t\000\040\0003}{chapter.1}% 4
\BOOKMARK [1][-]{section.1.4}{\376\377\000B\000l\000a\000t\000t\000\040\0004}{chapter.1}% 5
\BOOKMARK [1][-]{section.1.5}{\376\377\000B\000l\000a\000t\000t\000\040\0005}{chapter.1}% 6
\BOOKMARK [1][-]{section.1.6}{\376\377\000B\000l\000a\000t\000t\000\040\0006}{chapter.1}% 7
\BOOKMARK [1][-]{section.1.7}{\376\377\000B\000l\000a\000t\000t\000\040\0007}{chapter.1}% 8
\BOOKMARK [1][-]{section.1.8}{\376\377\000B\000l\000a\000t\000t\000\040\0008}{chapter.1}% 9
\BOOKMARK [1][-]{section.1.9}{\376\377\000B\000l\000a\000t\000t\000\040\0001\0000}{chapter.1}% 10
\BOOKMARK [1][-]{section.1.10}{\376\377\000B\000l\000a\000t\000t\000\040\0001\0001}{chapter.1}% 11
\BOOKMARK [1][-]{section.1.11}{\376\377\000B\000l\000a\000t\000t\000\040\0001\0002}{chapter.1}% 12
\BOOKMARK [1][-]{section.1.12}{\376\377\000B\000l\000a\000t\000t\000\040\0001\0003}{chapter.1}% 13
\BOOKMARK [0][-]{chapter.2}{\376\377\000A\000n\000a\000l\000y\000s\000i\000s\000\040\0002}{}% 14
\BOOKMARK [1][-]{section.2.1}{\376\377\000B\000l\000a\000t\000t\000\040\0001}{chapter.2}% 15
\BOOKMARK [1][-]{section.2.2}{\376\377\000B\000l\000a\000t\000t\000\040\0002}{chapter.2}% 16
\BOOKMARK [1][-]{section.2.3}{\376\377\000B\000l\000a\000t\000t\000\040\0003}{chapter.2}% 17
\BOOKMARK [1][-]{section.2.4}{\376\377\000B\000l\000a\000t\000t\000\040\0004}{chapter.2}% 18
\BOOKMARK [1][-]{section.2.5}{\376\377\000B\000l\000a\000t\000t\000\040\0005}{chapter.2}% 19
\BOOKMARK [1][-]{section.2.6}{\376\377\000B\000l\000a\000t\000t\000\040\0006}{chapter.2}% 20
\BOOKMARK [1][-]{section.2.7}{\376\377\000B\000l\000a\000t\000t\000\040\0008}{chapter.2}% 21
\BOOKMARK [1][-]{section.2.8}{\376\377\000B\000l\000a\000t\000t\000\040\0009}{chapter.2}% 22
\BOOKMARK [1][-]{section.2.9}{\376\377\000B\000l\000a\000t\000t\000\040\0001\0000}{chapter.2}% 23
\BOOKMARK [1][-]{section.2.10}{\376\377\000B\000l\000a\000t\000t\000\040\0001\0001}{chapter.2}% 24
\BOOKMARK [1][-]{section.2.11}{\376\377\000B\000l\000a\000t\000t\000\040\0001\0002}{chapter.2}% 25
\BOOKMARK [0][-]{chapter.3}{\376\377\000V\000e\000r\000t\000i\000e\000f\000u\000n\000g\000\040\000A\000n\000a\000l\000y\000s\000i\000s}{}% 26
\BOOKMARK [1][-]{section.3.1}{\376\377\000B\000l\000a\000t\000t\000\040\0001}{chapter.3}% 27
\BOOKMARK [1][-]{section.3.2}{\376\377\000B\000l\000a\000t\000t\000\040\0002}{chapter.3}% 28
\BOOKMARK [1][-]{section.3.3}{\376\377\000B\000l\000a\000t\000t\000\040\0003}{chapter.3}% 29
\BOOKMARK [1][-]{section.3.4}{\376\377\000B\000l\000a\000t\000t\000\040\0004}{chapter.3}% 30
\BOOKMARK [1][-]{section.3.5}{\376\377\000B\000l\000a\000t\000t\000\040\0005}{chapter.3}% 31
\BOOKMARK [1][-]{section.3.6}{\376\377\000B\000l\000a\000t\000t\000\040\0006}{chapter.3}% 32
\BOOKMARK [1][-]{section.3.7}{\376\377\000B\000l\000a\000t\000t\000\040\0007}{chapter.3}% 33
\BOOKMARK [1][-]{section.3.8}{\376\377\000B\000l\000a\000t\000t\000\040\0008}{chapter.3}% 34
\BOOKMARK [1][-]{section.3.9}{\376\377\000B\000l\000a\000t\000t\000\040\0009}{chapter.3}% 35
\BOOKMARK [1][-]{section.3.10}{\376\377\000B\000l\000a\000t\000t\000\040\0001\0000}{chapter.3}% 36
\BOOKMARK [1][-]{section.3.11}{\376\377\000B\000l\000a\000t\000t\000\040\0001\0001}{chapter.3}% 37
\BOOKMARK [1][-]{section.3.12}{\376\377\000B\000l\000a\000t\000t\000\040\0001\0002}{chapter.3}% 38
\BOOKMARK [1][-]{section.3.13}{\376\377\000B\000l\000a\000t\000t\000\040\0001\0003}{chapter.3}% 39
\BOOKMARK [0][-]{chapter.4}{\376\377\000E\000i\000n\000f\000\374\000r\000u\000n\000g\000\040\000i\000n\000\040\000d\000i\000e\000\040\000A\000l\000g\000e\000b\000r\000a}{}% 40
\BOOKMARK [1][-]{section.4.1}{\376\377\000B\000l\000a\000t\000t\000\040\0001}{chapter.4}% 41
\BOOKMARK [1][-]{section.4.2}{\376\377\000B\000l\000a\000t\000t\000\040\0002}{chapter.4}% 42
\BOOKMARK [1][-]{section.4.3}{\376\377\000B\000l\000a\000t\000t\000\040\0003}{chapter.4}% 43
\BOOKMARK [1][-]{section.4.4}{\376\377\000B\000l\000a\000t\000t\000\040\0004}{chapter.4}% 44
\BOOKMARK [1][-]{section.4.5}{\376\377\000B\000l\000a\000t\000t\000\040\0005}{chapter.4}% 45
\BOOKMARK [1][-]{section.4.6}{\376\377\000B\000l\000a\000t\000t\000\040\0006}{chapter.4}% 46
\BOOKMARK [1][-]{section.4.7}{\376\377\000B\000l\000a\000t\000t\000\040\0007}{chapter.4}% 47
\BOOKMARK [1][-]{section.4.8}{\376\377\000B\000l\000a\000t\000t\000\040\0008}{chapter.4}% 48
\BOOKMARK [1][-]{section.4.9}{\376\377\000B\000l\000a\000t\000t\000\040\0009}{chapter.4}% 49
\BOOKMARK [1][-]{section.4.10}{\376\377\000B\000l\000a\000t\000t\000\040\0001\0000}{chapter.4}% 50
\BOOKMARK [1][-]{section.4.11}{\376\377\000B\000l\000a\000t\000t\000\040\0001\0001}{chapter.4}% 51
\BOOKMARK [1][-]{section.4.12}{\376\377\000B\000l\000a\000t\000t\000\040\0001\0002}{chapter.4}% 52
\BOOKMARK [0][-]{chapter.5}{\376\377\000T\000h\000e\000o\000r\000e\000t\000i\000s\000c\000h\000e\000\040\000M\000e\000c\000h\000a\000n\000i\000k}{}% 53
\BOOKMARK [1][-]{section.5.1}{\376\377\000B\000l\000a\000t\000t\000\040\0001}{chapter.5}% 54
\BOOKMARK [1][-]{section.5.2}{\376\377\000B\000l\000a\000t\000t\000\040\0002}{chapter.5}% 55
\BOOKMARK [1][-]{section.5.3}{\376\377\000B\000l\000a\000t\000t\000\040\0003}{chapter.5}% 56
\BOOKMARK [0][-]{chapter.6}{\376\377\000G\000e\000w\000\366\000h\000n\000l\000i\000c\000h\000e\000\040\000D\000i\000f\000f\000e\000r\000e\000n\000t\000i\000a\000l\000g\000l\000e\000i\000c\000h\000u\000n\000g\000e\000n}{}% 57
\BOOKMARK [1][-]{section.6.1}{\376\377\000B\000l\000a\000t\000t\000\040\0001}{chapter.6}% 58
\BOOKMARK [1][-]{section.6.2}{\376\377\000B\000l\000a\000t\000t\000\040\0002}{chapter.6}% 59
\BOOKMARK [1][-]{section.6.3}{\376\377\000B\000l\000a\000t\000t\000\040\0003}{chapter.6}% 60
\BOOKMARK [1][-]{section.6.4}{\376\377\000B\000l\000a\000t\000t\000\040\0004}{chapter.6}% 61
\BOOKMARK [1][-]{section.6.5}{\376\377\000B\000l\000a\000t\000t\000\040\0004}{chapter.6}% 62
\BOOKMARK [1][-]{section.6.6}{\376\377\000B\000l\000a\000t\000t\000\040\0005}{chapter.6}% 63
\BOOKMARK [1][-]{section.6.7}{\376\377\000B\000l\000a\000t\000t\000\040\0006}{chapter.6}% 64
